<?xml version="1.0" encoding="UTF-8"?>
<coverage generated="1755090244628" clover="3.2.0">
  <project timestamp="1755090244628" name="All files">
    <metrics statements="41" coveredstatements="36" conditionals="6" coveredconditionals="4" methods="16" coveredmethods="13" elements="63" coveredelements="53" complexity="0" loc="41" ncloc="41" packages="2" files="3" classes="3"/>
    <package name="components">
      <metrics statements="37" coveredstatements="32" conditionals="6" coveredconditionals="4" methods="13" coveredmethods="10"/>
      <file name="Body.js" path="F:\React-Learning-June2025\React-Learning-June2025\src\components\Body.js">
        <metrics statements="29" coveredstatements="25" conditionals="6" coveredconditionals="4" methods="10" coveredmethods="8"/>
        <line num="7" count="1" type="stmt"/>
        <line num="8" count="4" type="stmt"/>
        <line num="9" count="4" type="stmt"/>
        <line num="11" count="4" type="stmt"/>
        <line num="14" count="4" type="stmt"/>
        <line num="16" count="4" type="stmt"/>
        <line num="17" count="1" type="stmt"/>
        <line num="20" count="4" type="stmt"/>
        <line num="21" count="1" type="stmt"/>
        <line num="25" count="1" type="stmt"/>
        <line num="27" count="1" type="stmt"/>
        <line num="29" count="1" type="stmt"/>
        <line num="30" count="2" type="stmt"/>
        <line num="34" count="1" type="cond" truecount="1" falsecount="1"/>
        <line num="37" count="1" type="stmt"/>
        <line num="39" count="1" type="stmt"/>
        <line num="42" count="4" type="stmt"/>
        <line num="44" count="4" type="cond" truecount="1" falsecount="1"/>
        <line num="45" count="0" type="stmt"/>
        <line num="49" count="4" type="cond" truecount="2" falsecount="0"/>
        <line num="61" count="1" type="stmt"/>
        <line num="67" count="1" type="stmt"/>
        <line num="68" count="1" type="stmt"/>
        <line num="69" count="20" type="stmt"/>
        <line num="74" count="1" type="stmt"/>
        <line num="84" count="0" type="stmt"/>
        <line num="86" count="0" type="stmt"/>
        <line num="89" count="0" type="stmt"/>
        <line num="98" count="42" type="stmt"/>
      </file>
      <file name="RestaurantCard.js" path="F:\React-Learning-June2025\React-Learning-June2025\src\components\RestaurantCard.js">
        <metrics statements="8" coveredstatements="7" conditionals="0" coveredconditionals="0" methods="3" coveredmethods="2"/>
        <line num="3" count="2" type="stmt"/>
        <line num="4" count="43" type="stmt"/>
        <line num="6" count="43" type="stmt"/>
        <line num="8" count="43" type="stmt"/>
        <line num="10" count="43" type="stmt"/>
        <line num="28" count="2" type="stmt"/>
        <line num="29" count="4" type="stmt"/>
        <line num="30" count="0" type="stmt"/>
      </file>
    </package>
    <package name="components.mocks">
      <metrics statements="4" coveredstatements="4" conditionals="0" coveredconditionals="0" methods="3" coveredmethods="3"/>
      <file name="dummyFetchFunction.js" path="F:\React-Learning-June2025\React-Learning-June2025\src\components\mocks\dummyFetchFunction.js">
        <metrics statements="4" coveredstatements="4" conditionals="0" coveredconditionals="0" methods="3" coveredmethods="3"/>
        <line num="1" count="1" type="stmt"/>
        <line num="2" count="1" type="stmt"/>
        <line num="3" count="1" type="stmt"/>
        <line num="5" count="1" type="stmt"/>
      </file>
    </package>
  </project>
</coverage>
