{"F:\\React-Learning-June2025\\React-Learning-June2025\\src\\components\\Contact.js": {"path":"F:\\React-Learning-June2025\\React-Learning-June2025\\src\\components\\Contact.js","statementMap":{"0":{"start":{"line":1,"column":23},"end":{"line":23,"column":1}},"1":{"start":{"line":2,"column":2},"end":{"line":22,"column":4}}},"fnMap":{"0":{"name":"(anonymous_0)","decl":{"start":{"line":1,"column":23},"end":{"line":1,"column":24}},"loc":{"start":{"line":1,"column":29},"end":{"line":23,"column":1}},"line":1}},"branchMap":{},"s":{"0":1,"1":3},"f":{"0":3},"b":{},"_coverageSchema":"1a1c01bbd47fc00a2c39e90264f33305004495a9","hash":"8dfde4c7ef039c6204088fe3f226307f43660a45"}
,"F:\\React-Learning-June2025\\React-Learning-June2025\\src\\components\\Header.js": {"path":"F:\\React-Learning-June2025\\React-Learning-June2025\\src\\components\\Header.js","statementMap":{"0":{"start":{"line":8,"column":22},"end":{"line":67,"column":1}},"1":{"start":{"line":9,"column":32},"end":{"line":9,"column":47}},"2":{"start":{"line":11,"column":23},"end":{"line":11,"column":40}},"3":{"start":{"line":13,"column":27},"end":{"line":13,"column":50}},"4":{"start":{"line":15,"column":20},"end":{"line":15,"column":60}},"5":{"start":{"line":15,"column":43},"end":{"line":15,"column":59}},"6":{"start":{"line":17,"column":2},"end":{"line":66,"column":4}},"7":{"start":{"line":56,"column":14},"end":{"line":56,"column":35}}},"fnMap":{"0":{"name":"(anonymous_0)","decl":{"start":{"line":8,"column":22},"end":{"line":8,"column":23}},"loc":{"start":{"line":8,"column":28},"end":{"line":67,"column":1}},"line":8},"1":{"name":"(anonymous_1)","decl":{"start":{"line":15,"column":32},"end":{"line":15,"column":33}},"loc":{"start":{"line":15,"column":43},"end":{"line":15,"column":59}},"line":15},"2":{"name":"(anonymous_2)","decl":{"start":{"line":55,"column":21},"end":{"line":55,"column":22}},"loc":{"start":{"line":55,"column":27},"end":{"line":57,"column":13}},"line":55}},"branchMap":{"0":{"loc":{"start":{"line":27,"column":16},"end":{"line":27,"column":57}},"type":"cond-expr","locations":[{"start":{"line":27,"column":31},"end":{"line":27,"column":42}},{"start":{"line":27,"column":45},"end":{"line":27,"column":57}}],"line":27},"1":{"loc":{"start":{"line":59,"column":13},"end":{"line":59,"column":41}},"type":"cond-expr","locations":[{"start":{"line":59,"column":23},"end":{"line":59,"column":31}},{"start":{"line":59,"column":34},"end":{"line":59,"column":41}}],"line":59}},"s":{"0":1,"1":4,"2":4,"3":4,"4":4,"5":7,"6":4,"7":1},"f":{"0":4,"1":7,"2":1},"b":{"0":[4,0],"1":[1,3]},"_coverageSchema":"1a1c01bbd47fc00a2c39e90264f33305004495a9","hash":"268bf0d5582c531af0554ea6095db57ff53e0b92"}
,"F:\\React-Learning-June2025\\React-Learning-June2025\\src\\components\\sum.js": {"path":"F:\\React-Learning-June2025\\React-Learning-June2025\\src\\components\\sum.js","statementMap":{"0":{"start":{"line":1,"column":12},"end":{"line":3,"column":1}},"1":{"start":{"line":2,"column":2},"end":{"line":2,"column":15}}},"fnMap":{"0":{"name":"(anonymous_0)","decl":{"start":{"line":1,"column":12},"end":{"line":1,"column":13}},"loc":{"start":{"line":1,"column":22},"end":{"line":3,"column":1}},"line":1}},"branchMap":{},"s":{"0":1,"1":1},"f":{"0":1},"b":{},"_coverageSchema":"1a1c01bbd47fc00a2c39e90264f33305004495a9","hash":"a0e0608ea0aa453ce10772ad4b0895501d3022b9"}
,"F:\\React-Learning-June2025\\React-Learning-June2025\\src\\utils\\UserContext.js": {"path":"F:\\React-Learning-June2025\\React-Learning-June2025\\src\\utils\\UserContext.js","statementMap":{"0":{"start":{"line":1,"column":26},"end":{"line":1,"column":42}},"1":{"start":{"line":3,"column":20},"end":{"line":5,"column":2}}},"fnMap":{},"branchMap":{},"s":{"0":1,"1":1},"f":{},"b":{},"_coverageSchema":"1a1c01bbd47fc00a2c39e90264f33305004495a9","hash":"1c46c3e8eced03a9c8b6cee20494f3987aa0ebc7"}
,"F:\\React-Learning-June2025\\React-Learning-June2025\\src\\utils\\appStore.js": {"path":"F:\\React-Learning-June2025\\React-Learning-June2025\\src\\utils\\appStore.js","statementMap":{"0":{"start":{"line":4,"column":17},"end":{"line":8,"column":2}}},"fnMap":{},"branchMap":{},"s":{"0":1},"f":{},"b":{},"_coverageSchema":"1a1c01bbd47fc00a2c39e90264f33305004495a9","hash":"d124699514345bb6ef0421e68353f19f5ef37391"}
,"F:\\React-Learning-June2025\\React-Learning-June2025\\src\\utils\\cartSlice.js": {"path":"F:\\React-Learning-June2025\\React-Learning-June2025\\src\\utils\\cartSlice.js","statementMap":{"0":{"start":{"line":3,"column":18},"end":{"line":20,"column":2}},"1":{"start":{"line":11,"column":6},"end":{"line":11,"column":39}},"2":{"start":{"line":14,"column":6},"end":{"line":14,"column":24}},"3":{"start":{"line":17,"column":6},"end":{"line":17,"column":29}},"4":{"start":{"line":22,"column":50},"end":{"line":22,"column":67}}},"fnMap":{"0":{"name":"(anonymous_0)","decl":{"start":{"line":9,"column":13},"end":{"line":9,"column":14}},"loc":{"start":{"line":9,"column":32},"end":{"line":12,"column":5}},"line":9},"1":{"name":"(anonymous_1)","decl":{"start":{"line":13,"column":16},"end":{"line":13,"column":17}},"loc":{"start":{"line":13,"column":27},"end":{"line":15,"column":5}},"line":13},"2":{"name":"(anonymous_2)","decl":{"start":{"line":16,"column":15},"end":{"line":16,"column":16}},"loc":{"start":{"line":16,"column":26},"end":{"line":18,"column":5}},"line":16}},"branchMap":{},"s":{"0":1,"1":0,"2":0,"3":0,"4":1},"f":{"0":0,"1":0,"2":0},"b":{},"_coverageSchema":"1a1c01bbd47fc00a2c39e90264f33305004495a9","hash":"e74114c96fe4d1e1082f9052cac817b3cb0c8a8a"}
,"F:\\React-Learning-June2025\\React-Learning-June2025\\src\\utils\\constants.js": {"path":"F:\\React-Learning-June2025\\React-Learning-June2025\\src\\utils\\constants.js","statementMap":{"0":{"start":{"line":2,"column":2},"end":{"line":2,"column":85}},"1":{"start":{"line":5,"column":2},"end":{"line":5,"column":158}},"2":{"start":{"line":8,"column":2},"end":{"line":8,"column":125}}},"fnMap":{},"branchMap":{},"s":{"0":1,"1":1,"2":1},"f":{},"b":{},"_coverageSchema":"1a1c01bbd47fc00a2c39e90264f33305004495a9","hash":"5699b76bf13666687fb54cf0abf510e5907216f1"}
,"F:\\React-Learning-June2025\\React-Learning-June2025\\src\\utils\\useOnlineStatus.js": {"path":"F:\\React-Learning-June2025\\React-Learning-June2025\\src\\utils\\useOnlineStatus.js","statementMap":{"0":{"start":{"line":3,"column":24},"end":{"line":20,"column":1}},"1":{"start":{"line":4,"column":44},"end":{"line":4,"column":70}},"2":{"start":{"line":6,"column":2},"end":{"line":17,"column":9}},"3":{"start":{"line":7,"column":26},"end":{"line":7,"column":54}},"4":{"start":{"line":7,"column":32},"end":{"line":7,"column":54}},"5":{"start":{"line":8,"column":25},"end":{"line":8,"column":52}},"6":{"start":{"line":8,"column":31},"end":{"line":8,"column":52}},"7":{"start":{"line":10,"column":4},"end":{"line":10,"column":54}},"8":{"start":{"line":11,"column":4},"end":{"line":11,"column":52}},"9":{"start":{"line":13,"column":4},"end":{"line":16,"column":6}},"10":{"start":{"line":14,"column":6},"end":{"line":14,"column":59}},"11":{"start":{"line":15,"column":6},"end":{"line":15,"column":57}},"12":{"start":{"line":19,"column":2},"end":{"line":19,"column":24}}},"fnMap":{"0":{"name":"(anonymous_0)","decl":{"start":{"line":3,"column":24},"end":{"line":3,"column":25}},"loc":{"start":{"line":3,"column":30},"end":{"line":20,"column":1}},"line":3},"1":{"name":"(anonymous_1)","decl":{"start":{"line":6,"column":12},"end":{"line":6,"column":13}},"loc":{"start":{"line":6,"column":18},"end":{"line":17,"column":3}},"line":6},"2":{"name":"(anonymous_2)","decl":{"start":{"line":7,"column":26},"end":{"line":7,"column":27}},"loc":{"start":{"line":7,"column":32},"end":{"line":7,"column":54}},"line":7},"3":{"name":"(anonymous_3)","decl":{"start":{"line":8,"column":25},"end":{"line":8,"column":26}},"loc":{"start":{"line":8,"column":31},"end":{"line":8,"column":52}},"line":8},"4":{"name":"(anonymous_4)","decl":{"start":{"line":13,"column":11},"end":{"line":13,"column":12}},"loc":{"start":{"line":13,"column":17},"end":{"line":16,"column":5}},"line":13}},"branchMap":{},"s":{"0":1,"1":4,"2":4,"3":3,"4":0,"5":3,"6":0,"7":3,"8":3,"9":3,"10":3,"11":3,"12":4},"f":{"0":4,"1":3,"2":0,"3":0,"4":3},"b":{},"_coverageSchema":"1a1c01bbd47fc00a2c39e90264f33305004495a9","hash":"4bce80fdd5408642e0414771c0cd05bbd0362f55"}
}
