TN:
SF:src\components\Body.js
FN:7,(anonymous_0)
FN:16,(anonymous_1)
FN:20,(anonymous_2)
FN:30,(anonymous_3)
FN:60,(anonymous_4)
FN:66,(anonymous_5)
FN:68,(anonymous_6)
FN:83,(anonymous_7)
FN:85,(anonymous_8)
FN:97,(anonymous_9)
FNF:10
FNH:8
FNDA:4,(anonymous_0)
FNDA:1,(anonymous_1)
FNDA:1,(anonymous_2)
FNDA:2,(anonymous_3)
FNDA:1,(anonymous_4)
FNDA:1,(anonymous_5)
FNDA:20,(anonymous_6)
FNDA:0,(anonymous_7)
FNDA:0,(anonymous_8)
FNDA:42,(anonymous_9)
DA:7,1
DA:8,4
DA:9,4
DA:11,4
DA:14,4
DA:16,4
DA:17,1
DA:20,4
DA:21,1
DA:25,1
DA:27,1
DA:29,1
DA:30,2
DA:34,1
DA:37,1
DA:39,1
DA:42,4
DA:44,4
DA:45,0
DA:49,4
DA:61,1
DA:67,1
DA:68,1
DA:69,20
DA:74,1
DA:84,0
DA:86,0
DA:89,0
DA:98,42
LF:29
LH:25
BRDA:34,0,0,1
BRDA:34,0,1,0
BRDA:44,1,0,0
BRDA:44,1,1,4
BRDA:49,2,0,1
BRDA:49,2,1,3
BRF:6
BRH:4
end_of_record
TN:
SF:src\components\RestaurantCard.js
FN:3,(anonymous_0)
FN:28,(anonymous_1)
FN:29,(anonymous_2)
FNF:3
FNH:2
FNDA:43,(anonymous_0)
FNDA:4,(anonymous_1)
FNDA:0,(anonymous_2)
DA:3,2
DA:4,43
DA:6,43
DA:8,43
DA:10,43
DA:28,2
DA:29,4
DA:30,0
LF:8
LH:7
BRF:0
BRH:0
end_of_record
TN:
SF:src\components\mocks\dummyFetchFunction.js
FN:1,(anonymous_0)
FN:2,(anonymous_1)
FN:4,(anonymous_2)
FNF:3
FNH:3
FNDA:1,(anonymous_0)
FNDA:1,(anonymous_1)
FNDA:1,(anonymous_2)
DA:1,1
DA:2,1
DA:3,1
DA:5,1
LF:4
LH:4
BRF:0
BRH:0
end_of_record
